\BOOKMARK [1][-]{section.1}{\376\377\000I\000n\000t\000r\000o\000d\000u\000c\000t\000i\000o\000n}{}% 1
\BOOKMARK [2][-]{subsection.1.1}{\376\377\000J\000o\000h\000n\000s\000o\000n\000-\000N\000y\000q\000u\000i\000s\000t\000\040\000N\000o\000i\000s\000e}{section.1}% 2
\BOOKMARK [1][-]{section.2}{\376\377\000M\000e\000t\000h\000o\000d}{}% 3
\BOOKMARK [2][-]{subsection.2.1}{\376\377\000A\000m\000p\000l\000i\000f\000i\000e\000r\000s}{section.2}% 4
\BOOKMARK [1][-]{section.3}{\376\377\000R\000e\000s\000u\000l\000t\000s}{}% 5
\BOOKMARK [2][-]{subsection.3.1}{\376\377\000N\000o\000i\000s\000e\000\040\000f\000l\000o\000o\000r\000\040\000s\000w\000e\000e\000p\000\040\000f\000r\000o\000m\000\040\0000\000\040\000t\000o\000\040\0001\0002\000\040\000G\000H\000z\000\040\000w\000i\000t\000h\000o\000u\000t\000\040\000l\000o\000a\000d\000\040\000o\000r\000\040\000a\000m\000p\000l\000i\000f\000i\000e\000r}{section.3}% 6
\BOOKMARK [2][-]{subsection.3.2}{\376\377\000N\000o\000i\000s\000e\000\040\000f\000l\000o\000o\000r\000\040\000m\000e\000a\000s\000u\000r\000e\000m\000e\000n\000t\000s\000\040\000a\000t\000\040\0006\000\040\000G\000H\000z\000\040\000w\000i\000t\000h\000o\000u\000t\000\040\000l\000o\000a\000d\000\040\000o\000r\000\040\000a\000m\000p\000l\000i\000f\000i\000e\000r}{section.3}% 7
\BOOKMARK [3][-]{subsubsection.3.2.1}{\376\377\000R\000a\000w\000\040\000d\000a\000t\000a\000\040\000w\000i\000t\000h\000\040\000t\000h\000e\000\040\000m\000e\000a\000n\000\040\000h\000i\000g\000h\000l\000i\000g\000h\000t\000e\000d}{subsection.3.2}% 8
\BOOKMARK [3][-]{subsubsection.3.2.2}{\376\377\000N\000o\000i\000s\000e\000\040\000a\000n\000a\000l\000y\000s\000i\000s}{subsection.3.2}% 9
\BOOKMARK [2][-]{subsection.3.3}{\376\377\000N\000o\000i\000s\000e\000\040\000m\000e\000a\000s\000u\000r\000e\000m\000e\000n\000t\000s\000\040\000a\000t\000\040\0006\000\040\000G\000H\000z\000\040\000w\000i\000t\000h\000\040\000a\000\040\0005\0000\000\040\000\134\000O\000m\000e\000g\000a\000\040\000l\000o\000a\000d\000\040\000b\000u\000t\000\040\000n\000o\000\040\000a\000m\000p\000l\000i\000f\000i\000e\000r}{section.3}% 10
\BOOKMARK [3][-]{subsubsection.3.3.1}{\376\377\000R\000a\000w\000\040\000d\000a\000t\000a\000\040\000w\000i\000t\000h\000\040\000t\000h\000e\000\040\000m\000e\000a\000n\000\040\000h\000i\000g\000h\000l\000i\000g\000h\000t\000e\000d}{subsection.3.3}% 11
\BOOKMARK [3][-]{subsubsection.3.3.2}{\376\377\000N\000o\000i\000s\000e\000\040\000a\000n\000a\000l\000y\000s\000i\000s}{subsection.3.3}% 12
\BOOKMARK [2][-]{subsection.3.4}{\376\377\000N\000o\000i\000s\000e\000\040\000m\000e\000a\000s\000u\000r\000e\000m\000e\000n\000t\000s\000\040\000a\000t\000\040\0006\000\040\000G\000H\000z\000\040\000w\000i\000t\000h\000\040\000a\000n\000\040\000a\000m\000p\000l\000i\000f\000i\000e\000r\000\040\000b\000u\000t\000\040\000n\000o\000\040\000l\000o\000a\000d}{section.3}% 13
\BOOKMARK [3][-]{subsubsection.3.4.1}{\376\377\000R\000a\000w\000\040\000d\000a\000t\000a\000\040\000w\000i\000t\000h\000\040\000t\000h\000e\000\040\000m\000e\000a\000n\000\040\000h\000i\000g\000h\000l\000i\000g\000h\000t\000e\000d}{subsection.3.4}% 14
\BOOKMARK [3][-]{subsubsection.3.4.2}{\376\377\000N\000o\000i\000s\000e\000\040\000a\000n\000a\000l\000y\000s\000i\000s}{subsection.3.4}% 15
\BOOKMARK [2][-]{subsection.3.5}{\376\377\000N\000o\000i\000s\000e\000\040\000m\000e\000a\000s\000u\000r\000e\000m\000e\000n\000t\000s\000\040\000a\000t\000\040\0006\000\040\000G\000H\000z\000\040\000w\000i\000t\000h\000\040\000a\000\040\0004\0000\000\040\000d\000B\000\040\000a\000m\000p\000l\000i\000f\000i\000e\000r\000\040\000a\000n\000d\000\040\000a\000\040\0005\0000\000\040\003\251\000\040\000l\000o\000a\000d\000\040\000a\000t\000\040\0002\0009\0008\000\040\000K}{section.3}% 16
\BOOKMARK [3][-]{subsubsection.3.5.1}{\376\377\000R\000a\000w\000\040\000d\000a\000t\000a\000\040\000w\000i\000t\000h\000\040\000t\000h\000e\000\040\000m\000e\000a\000n\000\040\000h\000i\000g\000h\000l\000i\000g\000h\000t\000e\000d}{subsection.3.5}% 17
\BOOKMARK [3][-]{subsubsection.3.5.2}{\376\377\000N\000o\000i\000s\000e\000\040\000a\000n\000a\000l\000y\000s\000i\000s}{subsection.3.5}% 18
\BOOKMARK [2][-]{subsection.3.6}{\376\377\000N\000o\000i\000s\000e\000\040\000m\000e\000a\000s\000u\000r\000e\000m\000e\000n\000t\000s\000\040\000a\000t\000\040\0006\000\040\000G\000H\000z\000\040\000w\000i\000t\000h\000\040\000a\000\040\0004\0000\000\040\000d\000B\000\040\000a\000m\000p\000l\000i\000f\000i\000e\000r\000\040\000a\000n\000d\000\040\000a\000\040\0005\0000\000\040\003\251\000\040\000l\000o\000a\000d\000\040\000a\000t\000\040\0007\0007\000\040\000K}{section.3}% 19
\BOOKMARK [3][-]{subsubsection.3.6.1}{\376\377\000R\000a\000w\000\040\000d\000a\000t\000a\000\040\000w\000i\000t\000h\000\040\000t\000h\000e\000\040\000m\000e\000a\000n\000\040\000h\000i\000g\000h\000l\000i\000g\000h\000t\000e\000d}{subsection.3.6}% 20
\BOOKMARK [3][-]{subsubsection.3.6.2}{\376\377\000N\000o\000i\000s\000e\000\040\000a\000n\000a\000l\000y\000s\000i\000s}{subsection.3.6}% 21
\BOOKMARK [1][-]{section.4}{\376\377\000C\000o\000n\000c\000l\000u\000s\000i\000o\000n}{}% 22
\BOOKMARK [2][-]{subsection.4.1}{\376\377\000N\000o\000i\000s\000e\000\040\000d\000e\000p\000e\000n\000d\000e\000n\000c\000e\000\040\000o\000n\000\040\000t\000e\000m\000p\000e\000r\000a\000t\000u\000r\000e}{section.4}% 23
\BOOKMARK [2][-]{subsection.4.2}{\376\377\000T\000e\000m\000p\000e\000r\000a\000t\000u\000r\000e\000\040\000a\000n\000a\000l\000y\000s\000i\000s}{section.4}% 24
\BOOKMARK [1][-]{section.5}{\376\377\000R\000e\000f\000e\000r\000e\000n\000c\000e\000s}{}% 25
